<?xml version="1.0" encoding="UTF-8"?>
<!-- Generated by org.testng.reporters.JUnitReportReporter -->
<testsuite hostname="DESKTOP-NSV2G8J" failures="0" tests="1" name="restassured.myOwnProject1.FooterTest" time="49.373" errors="0" timestamp="2023-01-24T18:26:39 IST" skipped="0">
  <testcase classname="restassured.myOwnProject1.FooterTest" name="addCart" time="49.373"/>
  <system-out/>
</testsuite> <!-- restassured.myOwnProject1.FooterTest -->
